1527218132.859901 client started (46330): version 2.6, socket /private/tmp/tmux-501/default, protocol 8
1527218132.859966 on Darwin 17.0.0 Darwin Kernel Version 17.0.0: Thu Aug 24 21:48:19 PDT 2017; root:xnu-4570.1.46~2/RELEASE_X86_64; libevent 2.1.8-stable (select)
1527218132.860016 socket is /private/tmp/tmux-501/default
1527218132.860046 trying connect
1527218132.860154 add peer 0x7ff4f3849c00: 6 (0x0)
1527218132.861605 sending message 100 to peer 0x7ff4f3849c00 (4 bytes)
1527218132.861635 sending message 101 to peer 0x7ff4f3849c00 (7 bytes)
1527218132.861651 sending message 102 to peer 0x7ff4f3849c00 (13 bytes)
1527218132.861665 sending message 108 to peer 0x7ff4f3849c00 (31 bytes)
1527218132.861689 sending message 104 to peer 0x7ff4f3849c00 (0 bytes)
1527218132.861702 sending message 107 to peer 0x7ff4f3849c00 (4 bytes)
1527218132.861715 sending message 105 to peer 0x7ff4f3849c00 (46 bytes)
1527218132.861728 sending message 105 to peer 0x7ff4f3849c00 (21 bytes)
1527218132.861741 sending message 105 to peer 0x7ff4f3849c00 (76 bytes)
1527218132.861754 sending message 105 to peer 0x7ff4f3849c00 (11 bytes)
1527218132.861767 sending message 105 to peer 0x7ff4f3849c00 (15 bytes)
1527218132.861780 sending message 105 to peer 0x7ff4f3849c00 (20 bytes)
1527218132.861793 sending message 105 to peer 0x7ff4f3849c00 (43 bytes)
1527218132.861810 sending message 105 to peer 0x7ff4f3849c00 (45 bytes)
1527218132.861824 sending message 105 to peer 0x7ff4f3849c00 (21 bytes)
1527218132.861836 sending message 105 to peer 0x7ff4f3849c00 (11 bytes)
1527218132.861849 sending message 105 to peer 0x7ff4f3849c00 (22 bytes)
1527218132.861862 sending message 105 to peer 0x7ff4f3849c00 (61 bytes)
1527218132.861875 sending message 105 to peer 0x7ff4f3849c00 (77 bytes)
1527218132.861888 sending message 105 to peer 0x7ff4f3849c00 (77 bytes)
1527218132.861901 sending message 105 to peer 0x7ff4f3849c00 (17 bytes)
1527218132.861914 sending message 105 to peer 0x7ff4f3849c00 (8 bytes)
1527218132.861927 sending message 105 to peer 0x7ff4f3849c00 (17 bytes)
1527218132.861940 sending message 105 to peer 0x7ff4f3849c00 (32 bytes)
1527218132.861953 sending message 105 to peer 0x7ff4f3849c00 (75 bytes)
1527218132.861966 sending message 105 to peer 0x7ff4f3849c00 (63 bytes)
1527218132.861979 sending message 105 to peer 0x7ff4f3849c00 (38 bytes)
1527218132.861997 sending message 105 to peer 0x7ff4f3849c00 (57 bytes)
1527218132.862009 sending message 105 to peer 0x7ff4f3849c00 (11 bytes)
1527218132.862022 sending message 105 to peer 0x7ff4f3849c00 (820 bytes)
1527218132.862035 sending message 105 to peer 0x7ff4f3849c00 (35 bytes)
1527218132.862053 sending message 105 to peer 0x7ff4f3849c00 (15 bytes)
1527218132.862066 sending message 105 to peer 0x7ff4f3849c00 (8 bytes)
1527218132.862079 sending message 105 to peer 0x7ff4f3849c00 (18 bytes)
1527218132.862091 sending message 105 to peer 0x7ff4f3849c00 (91 bytes)
1527218132.862104 sending message 105 to peer 0x7ff4f3849c00 (12 bytes)
1527218132.862117 sending message 105 to peer 0x7ff4f3849c00 (23 bytes)
1527218132.862130 sending message 105 to peer 0x7ff4f3849c00 (27 bytes)
1527218132.862143 sending message 105 to peer 0x7ff4f3849c00 (60 bytes)
1527218132.862156 sending message 105 to peer 0x7ff4f3849c00 (57 bytes)
1527218132.862169 sending message 105 to peer 0x7ff4f3849c00 (43 bytes)
1527218132.862182 sending message 105 to peer 0x7ff4f3849c00 (13 bytes)
1527218132.862195 sending message 105 to peer 0x7ff4f3849c00 (14 bytes)
1527218132.862212 sending message 105 to peer 0x7ff4f3849c00 (45 bytes)
1527218132.862225 sending message 105 to peer 0x7ff4f3849c00 (14 bytes)
1527218132.862238 sending message 105 to peer 0x7ff4f3849c00 (19 bytes)
1527218132.862251 sending message 105 to peer 0x7ff4f3849c00 (31 bytes)
1527218132.862264 sending message 105 to peer 0x7ff4f3849c00 (32 bytes)
1527218132.862276 sending message 105 to peer 0x7ff4f3849c00 (63 bytes)
1527218132.862289 sending message 105 to peer 0x7ff4f3849c00 (108 bytes)
1527218132.862302 sending message 105 to peer 0x7ff4f3849c00 (21 bytes)
1527218132.862315 sending message 105 to peer 0x7ff4f3849c00 (41 bytes)
1527218132.862340 sending message 105 to peer 0x7ff4f3849c00 (17 bytes)
1527218132.862353 sending message 105 to peer 0x7ff4f3849c00 (15 bytes)
1527218132.862366 sending message 106 to peer 0x7ff4f3849c00 (0 bytes)
1527218132.862386 sending message 200 to peer 0x7ff4f3849c00 (4 bytes)
1527218132.862400 client loop enter
1527218132.862773 peer 0x7ff4f3849c00 message 211
1527218132.862824 peer 0x7ff4f3849c00 message 203
1527218132.862843 client loop exit
