https://leetcode.com/problems/binary-tree-inorder-traversal/description
https://leetcode.com/problems/unique-binary-search-trees-ii/description
https://leetcode.com/problems/unique-binary-search-trees/description
https://leetcode.com/problems/validate-binary-search-tree/description
https://leetcode.com/problems/recover-binary-search-tree/description
https://leetcode.com/problems/same-tree/description
https://leetcode.com/problems/symmetric-tree/description
https://leetcode.com/problems/binary-tree-level-order-traversal/description
https://leetcode.com/problems/binary-tree-zigzag-level-order-traversal/description
https://leetcode.com/problems/maximum-depth-of-binary-tree/description
https://leetcode.com/problems/construct-binary-tree-from-preorder-and-inorder-traversal/description
https://leetcode.com/problems/construct-binary-tree-from-inorder-and-postorder-traversal/description
https://leetcode.com/problems/binary-tree-level-order-traversal-ii/description
https://leetcode.com/problems/convert-sorted-array-to-binary-search-tree/description
https://leetcode.com/problems/balanced-binary-tree/description
https://leetcode.com/problems/minimum-depth-of-binary-tree/description
https://leetcode.com/problems/path-sum/description
https://leetcode.com/problems/path-sum-ii/description
https://leetcode.com/problems/flatten-binary-tree-to-linked-list/description
https://leetcode.com/problems/populating-next-right-pointers-in-each-node/description
https://leetcode.com/problems/populating-next-right-pointers-in-each-node-ii/description
https://leetcode.com/problems/binary-tree-maximum-path-sum/description
https://leetcode.com/problems/sum-root-to-leaf-numbers/description
https://leetcode.com/problems/binary-tree-preorder-traversal/description
https://leetcode.com/problems/binary-tree-postorder-traversal/description
https://leetcode.com/problems/binary-tree-upside-down/description
https://leetcode.com/problems/binary-search-tree-iterator/description
https://leetcode.com/problems/binary-tree-right-side-view/description
https://leetcode.com/problems/count-complete-tree-nodes/description
https://leetcode.com/problems/invert-binary-tree/description
https://leetcode.com/problems/kth-smallest-element-in-a-bst/description
https://leetcode.com/problems/lowest-common-ancestor-of-a-binary-search-tree/description
https://leetcode.com/problems/lowest-common-ancestor-of-a-binary-tree/description
https://leetcode.com/problems/count-univalue-subtrees/description
https://leetcode.com/problems/verify-preorder-sequence-in-binary-search-tree/description
https://leetcode.com/problems/binary-tree-paths/description
https://leetcode.com/problems/closest-binary-search-tree-value/description
https://leetcode.com/problems/closest-binary-search-tree-value-ii/description
https://leetcode.com/problems/inorder-successor-in-bst/description
https://leetcode.com/problems/serialize-and-deserialize-binary-tree/description
https://leetcode.com/problems/binary-tree-longest-consecutive-sequence/description
https://leetcode.com/problems/largest-bst-subtree/description
https://leetcode.com/problems/house-robber-iii/description
https://leetcode.com/problems/find-leaves-of-binary-tree/description
https://leetcode.com/problems/sum-of-left-leaves/description
https://leetcode.com/problems/path-sum-iii/description
https://leetcode.com/problems/serialize-and-deserialize-bst/description
https://leetcode.com/problems/delete-node-in-a-bst/description
https://leetcode.com/problems/find-mode-in-binary-search-tree/description
https://leetcode.com/problems/most-frequent-subtree-sum/description
https://leetcode.com/problems/find-bottom-left-tree-value/description
https://leetcode.com/problems/find-largest-value-in-each-tree-row/description
https://leetcode.com/problems/construct-binary-tree-from-string/description
https://leetcode.com/problems/convert-bst-to-greater-tree/description
https://leetcode.com/problems/diameter-of-binary-tree/description
https://leetcode.com/problems/boundary-of-binary-tree/description
https://leetcode.com/problems/binary-tree-longest-consecutive-sequence-ii/description
https://leetcode.com/problems/binary-tree-tilt/description
https://leetcode.com/problems/subtree-of-another-tree/description
https://leetcode.com/problems/kill-process/description
https://leetcode.com/problems/construct-string-from-binary-tree/description
https://leetcode.com/problems/merge-two-binary-trees/description
https://leetcode.com/problems/add-one-row-to-tree/description
https://leetcode.com/problems/average-of-levels-in-binary-tree/description
https://leetcode.com/problems/find-duplicate-subtrees/description
https://leetcode.com/problems/two-sum-iv-input-is-a-bst/description
https://leetcode.com/problems/maximum-binary-tree/description
https://leetcode.com/problems/print-binary-tree/description
https://leetcode.com/problems/maximum-width-of-binary-tree/description
https://leetcode.com/problems/equal-tree-partition/description
https://leetcode.com/problems/path-sum-iv/description
https://leetcode.com/problems/trim-a-binary-search-tree/description
https://leetcode.com/problems/second-minimum-node-in-a-binary-tree/description
https://leetcode.com/problems/redundant-connection/description
https://leetcode.com/problems/redundant-connection-ii/description
https://leetcode.com/problems/longest-univalue-path/description
https://leetcode.com/problems/closest-leaf-in-a-binary-tree/description
https://leetcode.com/problems/binary-tree-pruning/description
https://leetcode.com/problems/sum-of-distances-in-tree/description
